<?xml version="1.0" encoding="UTF-8"?>
<!-- Generated by org.testng.reporters.JUnitReportReporter -->
<testsuite hostname="GN-A-GULIVI-1L" failures="0" tests="5" name="basics.DeserializeSimpleJsonResponse" time="2.316" errors="0" timestamp="08 Dec 2021 09:32:18 GMT" skipped="4">
  <testcase classname="basics.DeserializeSimpleJsonResponse" name="deserializeListOfMembersUsingTypeRef" time="2.316"/>
  <testcase classname="basics.DeserializeSimpleJsonResponse" name="deserializeSingleMemberUsingTypeRef">
    <skipped/>
  </testcase> <!-- deserializeSingleMemberUsingTypeRef -->
  <testcase classname="basics.DeserializeSimpleJsonResponse" name="deserializeSingleMember">
    <skipped/>
  </testcase> <!-- deserializeSingleMember -->
  <testcase classname="basics.DeserializeSimpleJsonResponse" name="deserializeSingleMemberNotFoundFailure">
    <skipped/>
  </testcase> <!-- deserializeSingleMemberNotFoundFailure -->
  <testcase classname="basics.DeserializeSimpleJsonResponse" name="deserializeListOfMembers">
    <skipped/>
  </testcase> <!-- deserializeListOfMembers -->
</testsuite> <!-- basics.DeserializeSimpleJsonResponse -->
