<?xml version="1.0" encoding="UTF-8"?>
<!-- Generated by org.testng.reporters.JUnitReportReporter -->
<testsuite hostname="GN-A-GULIVI-1L" failures="0" tests="7" name="basics.PutBasics" time="1.910" errors="0" timestamp="01 Dec 2021 14:10:02 GMT" skipped="6">
  <testcase classname="basics.PutBasics" name="createMemberusingMapBDD" time="1.910"/>
  <testcase classname="basics.PutBasics" name="createMemberBDD">
    <skipped/>
  </testcase> <!-- createMemberBDD -->
  <testcase classname="basics.PutBasics" name="createMemberUsingJsonFileStreamBDD">
    <skipped/>
  </testcase> <!-- createMemberUsingJsonFileStreamBDD -->
  <testcase classname="basics.PutBasics" name="createMemberUsingJsonObjectBDD">
    <skipped/>
  </testcase> <!-- createMemberUsingJsonObjectBDD -->
  <testcase classname="basics.PutBasics" name="createMemberUsingJsonFileBDD">
    <skipped/>
  </testcase> <!-- createMemberUsingJsonFileBDD -->
  <testcase classname="basics.PutBasics" name="createMemberUsingJsonFileByteArrayBDD">
    <skipped/>
  </testcase> <!-- createMemberUsingJsonFileByteArrayBDD -->
  <testcase classname="basics.PutBasics" name="createMember">
    <skipped/>
  </testcase> <!-- createMember -->
</testsuite> <!-- basics.PutBasics -->
