<?xml version="1.0" encoding="UTF-8"?>
<!-- Generated by org.testng.reporters.JUnitReportReporter -->
<testsuite hostname="GN-A-GULIVI-1L" failures="0" tests="8" name="basics.PostBasics" time="1.812" errors="0" timestamp="24 Nov 2021 12:57:04 GMT" skipped="7">
  <testcase classname="basics.PostBasics" name="createMemberUsingModelNGsonExclusionBDD" time="1.812"/>
  <testcase classname="basics.PostBasics" name="createMemberUsingModelNTransientBDD">
    <skipped/>
  </testcase> <!-- createMemberUsingModelNTransientBDD -->
  <testcase classname="basics.PostBasics" name="createMemberBDD">
    <skipped/>
  </testcase> <!-- createMemberBDD -->
  <testcase classname="basics.PostBasics" name="createMember">
    <skipped/>
  </testcase> <!-- createMember -->
  <testcase classname="basics.PostBasics" name="createMemberusingMapBDD">
    <skipped/>
  </testcase> <!-- createMemberusingMapBDD -->
  <testcase classname="basics.PostBasics" name="createMemberUsingJsonFileStreamBDD">
    <skipped/>
  </testcase> <!-- createMemberUsingJsonFileStreamBDD -->
  <testcase classname="basics.PostBasics" name="createMemberUsingJsonObjectBDD">
    <skipped/>
  </testcase> <!-- createMemberUsingJsonObjectBDD -->
  <testcase classname="basics.PostBasics" name="createMemberUsingJsonFileBDD">
    <skipped/>
  </testcase> <!-- createMemberUsingJsonFileBDD -->
</testsuite> <!-- basics.PostBasics -->
