<?xml version="1.0" encoding="UTF-8"?>
<!-- Generated by org.testng.reporters.JUnitReportReporter -->
<testsuite hostname="GN-A-GULIVI-1L" failures="0" tests="7" name="basics.PatchBasics" time="1.900" errors="0" timestamp="01 Dec 2021 14:24:52 GMT" skipped="5">
  <testcase classname="basics.PatchBasics" name="updateMemberUsingJsonObjectBDD" time="1.064"/>
  <testcase classname="basics.PatchBasics" name="updateMember" time="0.836"/>
  <testcase classname="basics.PatchBasics" name="updateMemberUsingJsonFileBDD">
    <skipped/>
  </testcase> <!-- updateMemberUsingJsonFileBDD -->
  <testcase classname="basics.PatchBasics" name="updateMemberusingMapBDD">
    <skipped/>
  </testcase> <!-- updateMemberusingMapBDD -->
  <testcase classname="basics.PatchBasics" name="updateMemberUsingJsonFileByteArrayBDD">
    <skipped/>
  </testcase> <!-- updateMemberUsingJsonFileByteArrayBDD -->
  <testcase classname="basics.PatchBasics" name="updateMemberBDD">
    <skipped/>
  </testcase> <!-- updateMemberBDD -->
  <testcase classname="basics.PatchBasics" name="updateMemberUsingJsonFileStreamBDD">
    <skipped/>
  </testcase> <!-- updateMemberUsingJsonFileStreamBDD -->
</testsuite> <!-- basics.PatchBasics -->
