<?xml version="1.0" encoding="UTF-8"?>
<!-- Generated by org.testng.reporters.JUnitReportReporter -->
<testsuite hostname="GN-A-GULIVI-1L" failures="0" tests="5" name="basics.DeserializeJsonResponse" time="3.261" errors="0" timestamp="07 Dec 2021 12:03:22 GMT" skipped="4">
  <testcase classname="basics.DeserializeJsonResponse" name="deserializeSingleMemberNotFoundFailure" time="3.261"/>
  <testcase classname="basics.DeserializeJsonResponse" name="deserializeListOfMembers">
    <skipped/>
  </testcase> <!-- deserializeListOfMembers -->
  <testcase classname="basics.DeserializeJsonResponse" name="deserializeSingleMemberUsingTypeRef">
    <skipped/>
  </testcase> <!-- deserializeSingleMemberUsingTypeRef -->
  <testcase classname="basics.DeserializeJsonResponse" name="deserializeSingleMember">
    <skipped/>
  </testcase> <!-- deserializeSingleMember -->
  <testcase classname="basics.DeserializeJsonResponse" name="deserializeListOfMembersUsingTypeRef">
    <skipped/>
  </testcase> <!-- deserializeListOfMembersUsingTypeRef -->
</testsuite> <!-- basics.DeserializeJsonResponse -->
