<?xml version="1.0" encoding="UTF-8"?>
<!-- Generated by org.testng.reporters.JUnitReportReporter -->
<testsuite hostname="GN-A-GULIVI-1L" failures="0" tests="4" name="basics.FileDownloadBasics" time="1.650" errors="0" timestamp="30 Nov 2021 11:46:18 GMT" skipped="3">
  <testcase classname="basics.FileDownloadBasics" name="downloadFileUsingInputStreamTry" time="1.650"/>
  <testcase classname="basics.FileDownloadBasics" name="downloadFileUsingInputStream">
    <skipped/>
  </testcase> <!-- downloadFileUsingInputStream -->
  <testcase classname="basics.FileDownloadBasics" name="downloadFileUsingByteArrayTry">
    <skipped/>
  </testcase> <!-- downloadFileUsingByteArrayTry -->
  <testcase classname="basics.FileDownloadBasics" name="downloadFileUsingByteArray">
    <skipped/>
  </testcase> <!-- downloadFileUsingByteArray -->
</testsuite> <!-- basics.FileDownloadBasics -->
