<?xml version="1.0" encoding="UTF-8"?>
<!-- Generated by org.testng.reporters.JUnitReportReporter -->
<testsuite hostname="GN-A-GULIVI-1L" failures="0" tests="4" name="basics.RequestResponseSpecificationBasics" time="1.396" errors="0" timestamp="03 Jan 2022 09:55:17 GMT" skipped="3">
  <testcase classname="basics.RequestResponseSpecificationBasics" name="getFemaleMembersUsingSpecs" time="1.396"/>
  <testcase classname="basics.RequestResponseSpecificationBasics" name="getMembersUsingSpecs">
    <skipped/>
  </testcase> <!-- getMembersUsingSpecs -->
  <testcase classname="basics.RequestResponseSpecificationBasics" name="getFemaleMembers">
    <skipped/>
  </testcase> <!-- getFemaleMembers -->
  <testcase classname="basics.RequestResponseSpecificationBasics" name="getMembers">
    <skipped/>
  </testcase> <!-- getMembers -->
</testsuite> <!-- basics.RequestResponseSpecificationBasics -->
