<?xml version="1.0" encoding="UTF-8"?>
<!-- Generated by org.testng.reporters.JUnitReportReporter -->
<testsuite hostname="GN-A-GULIVI-1L" failures="0" tests="6" name="basics.JSONPathBasics" time="2.557" errors="0" timestamp="29 Dec 2021 06:21:57 GMT" skipped="5">
  <testcase classname="basics.JSONPathBasics" name="jsonPathJSONArray" time="2.557"/>
  <testcase classname="basics.JSONPathBasics" name="getResponseJSONPathUsingJSONPATH">
    <skipped/>
  </testcase> <!-- getResponseJSONPathUsingJSONPATH -->
  <testcase classname="basics.JSONPathBasics" name="jsonPathDictionaryDotSquareBracketNotations">
    <skipped/>
  </testcase> <!-- jsonPathDictionaryDotSquareBracketNotations -->
  <testcase classname="basics.JSONPathBasics" name="getResponseJSONPathInlineAssertion">
    <skipped/>
  </testcase> <!-- getResponseJSONPathInlineAssertion -->
  <testcase classname="basics.JSONPathBasics" name="getResponseJSONPathUsingResponseAsString">
    <skipped/>
  </testcase> <!-- getResponseJSONPathUsingResponseAsString -->
  <testcase classname="basics.JSONPathBasics" name="getResponseJSONPathUsingPATH">
    <skipped/>
  </testcase> <!-- getResponseJSONPathUsingPATH -->
</testsuite> <!-- basics.JSONPathBasics -->
