<?xml version="1.0" encoding="UTF-8"?>
<!-- Generated by org.testng.reporters.JUnitReportReporter -->
<testsuite hostname="GN-A-GULIVI-1L" failures="0" tests="8" name="basics.GroovyGPathExpression" time="2.204" errors="0" timestamp="29 Dec 2021 07:28:12 GMT" skipped="7">
  <testcase classname="basics.GroovyGPathExpression" name="chainGsonGpath" time="2.204"/>
  <testcase classname="basics.GroovyGPathExpression" name="paramGsonGpath">
    <skipped/>
  </testcase> <!-- paramGsonGpath -->
  <testcase classname="basics.GroovyGPathExpression" name="findAllGsonGpath">
    <skipped/>
  </testcase> <!-- findAllGsonGpath -->
  <testcase classname="basics.GroovyGPathExpression" name="minGsonGpath">
    <skipped/>
  </testcase> <!-- minGsonGpath -->
  <testcase classname="basics.GroovyGPathExpression" name="collectGsonGpath">
    <skipped/>
  </testcase> <!-- collectGsonGpath -->
  <testcase classname="basics.GroovyGPathExpression" name="sumGsonGpath">
    <skipped/>
  </testcase> <!-- sumGsonGpath -->
  <testcase classname="basics.GroovyGPathExpression" name="maxGsonGpath">
    <skipped/>
  </testcase> <!-- maxGsonGpath -->
  <testcase classname="basics.GroovyGPathExpression" name="findGsonGpath">
    <skipped/>
  </testcase> <!-- findGsonGpath -->
</testsuite> <!-- basics.GroovyGPathExpression -->
