<?xml version="1.0" encoding="UTF-8"?>
<!-- Generated by org.testng.reporters.JUnitReportReporter -->
<testsuite hostname="GN-A-GULIVI-1L" failures="0" tests="1" name="basics.AsyncRequestBasics" time="3.407" errors="0" timestamp="02 Dec 2021 13:20:18 GMT" skipped="0">
  <testcase classname="basics.AsyncRequestBasics" name="configureTimeOut" time="3.407"/>
</testsuite> <!-- basics.AsyncRequestBasics -->
