<?xml version="1.0" encoding="UTF-8"?>
<!-- Generated by org.testng.reporters.JUnitReportReporter -->
<testsuite hostname="GN-A-GULIVI-1L" failures="0" tests="2" name="basics.DeleteBasics" time="3.417" errors="0" timestamp="03 Dec 2021 07:23:14 GMT" skipped="1">
  <testcase classname="basics.DeleteBasics" name="deleteMemberBDD" time="3.417"/>
  <testcase classname="basics.DeleteBasics" name="deleteMember">
    <skipped/>
  </testcase> <!-- deleteMember -->
</testsuite> <!-- basics.DeleteBasics -->
