<?xml version="1.0" encoding="UTF-8"?>
<!-- Generated by org.testng.reporters.JUnitReportReporter -->
<testsuite hostname="GN-A-GULIVI-1L" failures="0" tests="9" name="basics.PostBasics" time="1.802" errors="0" timestamp="25 Nov 2021 08:15:00 GMT" skipped="8">
  <testcase classname="basics.PostBasics" name="createMemberUsingJsonFileByteArrayBDD" time="1.802"/>
  <testcase classname="basics.PostBasics" name="createMemberUsingModelNTransientBDD">
    <skipped/>
  </testcase> <!-- createMemberUsingModelNTransientBDD -->
  <testcase classname="basics.PostBasics" name="createMemberBDD">
    <skipped/>
  </testcase> <!-- createMemberBDD -->
  <testcase classname="basics.PostBasics" name="createMember">
    <skipped/>
  </testcase> <!-- createMember -->
  <testcase classname="basics.PostBasics" name="createMemberusingMapBDD">
    <skipped/>
  </testcase> <!-- createMemberusingMapBDD -->
  <testcase classname="basics.PostBasics" name="createMemberUsingModelNGsonExclusionBDD">
    <skipped/>
  </testcase> <!-- createMemberUsingModelNGsonExclusionBDD -->
  <testcase classname="basics.PostBasics" name="createMemberUsingJsonFileStreamBDD">
    <skipped/>
  </testcase> <!-- createMemberUsingJsonFileStreamBDD -->
  <testcase classname="basics.PostBasics" name="createMemberUsingJsonObjectBDD">
    <skipped/>
  </testcase> <!-- createMemberUsingJsonObjectBDD -->
  <testcase classname="basics.PostBasics" name="createMemberUsingJsonFileBDD">
    <skipped/>
  </testcase> <!-- createMemberUsingJsonFileBDD -->
</testsuite> <!-- basics.PostBasics -->
