<?xml version="1.0" encoding="UTF-8"?>
<!-- Generated by org.testng.reporters.JUnitReportReporter -->
<testsuite hostname="GN-A-GULIVI-1L" failures="0" tests="1" name="basics.FileUploadBasics" time="1.959" errors="0" timestamp="25 Nov 2021 14:01:39 GMT" skipped="0">
  <testcase classname="basics.FileUploadBasics" name="uploadFile" time="1.959"/>
</testsuite> <!-- basics.FileUploadBasics -->
